[debug] [2023-01-13T23:32:20.078Z] ----------------------------------------------------------------------
[debug] [2023-01-13T23:32:20.082Z] Command:       C:\Program Files\nodejs\node.exe C:\Users\flopy\AppData\Roaming\npm\node_modules\firebase-tools\lib\bin\firebase.js init
[debug] [2023-01-13T23:32:20.082Z] CLI Version:   11.20.0
[debug] [2023-01-13T23:32:20.083Z] Platform:      win32
[debug] [2023-01-13T23:32:20.083Z] Node Version:  v18.5.0
[debug] [2023-01-13T23:32:20.084Z] Time:          Fri Jan 13 2023 20:32:20 GMT-0300 (Argentina Standard Time)
[debug] [2023-01-13T23:32:20.085Z] ----------------------------------------------------------------------
[debug] 
[debug] [2023-01-13T23:32:20.095Z] > command requires scopes: ["email","openid","https://www.googleapis.com/auth/cloudplatformprojects.readonly","https://www.googleapis.com/auth/firebase","https://www.googleapis.com/auth/cloud-platform"]
[debug] [2023-01-13T23:32:20.096Z] > authorizing via signed-in user (allamiflorencia@gmail.com)
[info] 
     ######## #### ########  ######## ########     ###     ######  ########
     ##        ##  ##     ## ##       ##     ##  ##   ##  ##       ##
     ######    ##  ########  ######   ########  #########  ######  ######
     ##        ##  ##    ##  ##       ##     ## ##     ##       ## ##
     ##       #### ##     ## ######## ########  ##     ##  ######  ########

You're about to initialize a Firebase project in this directory:

  C:\Users\flopy\Desktop\YoProgramo\TP\PortfolioFrontEnd

[info] 
=== Project Setup
[info] 
[info] First, let's associate this project directory with a Firebase project.
[info] You can create multiple project aliases by running firebase use --add, 
[info] but for now we'll just set up a default project.
[info] 
[info] i  If you want to create a project in a Google Cloud organization or folder, please use "firebase projects:create" instead, and return to this command when you've created the project. 
[debug] [2023-01-13T23:33:14.096Z] >>> [apiv2][query] POST https://cloudresourcemanager.googleapis.com/v1/projects [none]
[debug] [2023-01-13T23:33:14.098Z] >>> [apiv2][body] POST https://cloudresourcemanager.googleapis.com/v1/projects {"projectId":"allamiflorencia-portfolio","name":"allamiflorencia-portfolio"}
[debug] [2023-01-13T23:33:15.454Z] <<< [apiv2][status] POST https://cloudresourcemanager.googleapis.com/v1/projects 200
[debug] [2023-01-13T23:33:15.454Z] <<< [apiv2][body] POST https://cloudresourcemanager.googleapis.com/v1/projects {"name":"operations/cp.6597435073803409517"}
[debug] [2023-01-13T23:33:15.459Z] >>> [apiv2][query] GET https://cloudresourcemanager.googleapis.com/v1/operations/cp.6597435073803409517 [none]
[debug] [2023-01-13T23:33:16.558Z] <<< [apiv2][status] GET https://cloudresourcemanager.googleapis.com/v1/operations/cp.6597435073803409517 200
[debug] [2023-01-13T23:33:16.559Z] <<< [apiv2][body] GET https://cloudresourcemanager.googleapis.com/v1/operations/cp.6597435073803409517 {"name":"operations/cp.6597435073803409517","metadata":{"@type":"type.googleapis.com/google.cloudresourcemanager.v1.ProjectCreationStatus","ready":true},"done":true,"error":{"code":9,"message":"Callers must accept Terms of Service","details":[{"@type":"type.googleapis.com/google.rpc.PreconditionFailure","violations":[{"type":"TOS","subject":"cloud","description":"Callers must accept Terms of Service"}]}]}}
[debug] [2023-01-13T23:33:16.817Z] FirebaseError: Callers must accept Terms of Service
    at OperationPoller.poll (C:\Users\flopy\AppData\Roaming\npm\node_modules\firebase-tools\lib\operation-poller.js:24:19)
    at process.processTicksAndRejections (node:internal/process/task_queues:95:5)
    at async createCloudProject (C:\Users\flopy\AppData\Roaming\npm\node_modules\firebase-tools\lib\management\projects.js:186:29)
    at async createFirebaseProjectAndLog (C:\Users\flopy\AppData\Roaming\npm\node_modules\firebase-tools\lib\management\projects.js:45:9)
    at async promptAndCreateNewProject (C:\Users\flopy\AppData\Roaming\npm\node_modules\firebase-tools\lib\init\features\project.js:32:12)
    at async doSetup (C:\Users\flopy\AppData\Roaming\npm\node_modules\firebase-tools\lib\init\features\project.js:88:27)
    at async init (C:\Users\flopy\AppData\Roaming\npm\node_modules\firebase-tools\lib\init\index.js:36:9)
[error] 
[error] Error: Failed to create project. See firebase-debug.log for more info.
